<?xml version="1.0" encoding="UTF-8"?>
<testsuite xmlns:xsi="http://www.w3.org/2001/XMLSchema-instance" xsi:noNamespaceSchemaLocation="https://maven.apache.org/surefire/maven-surefire-plugin/xsd/surefire-test-report-3.0.xsd" version="3.0" name="PaymentServiceTest" time="0.021" tests="7" errors="0" skipped="0" failures="0">
  <properties>
[...]
</properties>
  <testcase name="testMakePaymentInsufficientBalance" classname="PaymentServiceTest" time="0.007">
    <system-out><![CDATA[Sorry! Not enough fund to proceed with payment.
]]></system-out>
  </testcase>
  <testcase name="testMakePaymentWithPaidBilling" classname="PaymentServiceTest" time="0">
    <system-out><![CDATA[Sorry! This billing has been paid
]]></system-out>
  </testcase>
  <testcase name="testMakePaymentValidAmount" classname="PaymentServiceTest" time="0.002">
    <system-out><![CDATA[Payment successful. Remaining balance: $70
]]></system-out>
  </testcase>
  <testcase name="testMakePaymentNegativeAmount" classname="PaymentServiceTest" time="0">
    <system-out><![CDATA[Sorry! Not enough fund to proceed with payment.
]]></system-out>
  </testcase>
  <testcase name="testCashInNegativeAmount" classname="PaymentServiceTest" time="0">
    <system-out><![CDATA[Invalid amount.
]]></system-out>
  </testcase>
  <testcase name="testPaymentProcessing" classname="PaymentServiceTest" time="0.001">
    <system-out><![CDATA[Cash in successful. New balance: $200
Payment successful. Remaining balance: $190
]]></system-out>
  </testcase>
  <testcase name="testCashInPositiveAmount" classname="PaymentServiceTest" time="0">
    <system-out><![CDATA[Cash in successful. New balance: $150
]]></system-out>
  </testcase>
</testsuite>